[2015-10-02 05:49:33.000] [ERROR] client-error - ReferenceError: domain is not defined
    at Object.worker.run (D:\Node\MY MODULES\WORKERS\es\bulk.js:15:14)
    at D:\Node\MY MODULES\kazi2\client\lib\client.js:130:32
    at b (domain.js:183:18)
    at Domain.run (domain.js:123:23)
    at D:\Node\MY MODULES\kazi2\client\lib\client.js:124:20
    at Request._callback (D:\Node\MY MODULES\kazi2\client\lib\client.js:364:5)
    at Request.self.callback (D:\Node\MY MODULES\kazi2\client\node_modules\request\request.js:198:22)
    at Request.emit (events.js:98:17)
    at Request.<anonymous> (D:\Node\MY MODULES\kazi2\client\node_modules\request\request.js:1063:14)
    at Request.emit (events.js:117:20)
    at IncomingMessage.<anonymous> (D:\Node\MY MODULES\kazi2\client\node_modules\request\request.js:1009:12)
    at IncomingMessage.emit (events.js:117:20)
    at _stream_readable.js:943:16
    at process._tickDomainCallback (node.js:463:13)
[2015-10-02 05:49:41.635] [ERROR] client-error - ReferenceError: domain is not defined
    at D:\Node\MY MODULES\WORKERS\es\bulk.js:19:14
    at D:\Node\MY MODULES\WORKERS\es\bulk.js:46:12
    at respond (D:\Node\MY MODULES\WORKERS\es\node_modules\elasticsearch\src\lib\transport.js:275:9)
    at checkRespForFailure (D:\Node\MY MODULES\WORKERS\es\node_modules\elasticsearch\src\lib\transport.js:219:7)
    at HttpConnector.<anonymous> (D:\Node\MY MODULES\WORKERS\es\node_modules\elasticsearch\src\lib\connectors\http.js:155:7)
    at IncomingMessage.wrapper (D:\Node\MY MODULES\WORKERS\es\node_modules\elasticsearch\node_modules\lodash\index.js:3095:19)
    at IncomingMessage.emit (events.js:117:20)
    at _stream_readable.js:943:16
    at process._tickDomainCallback (node.js:463:13)
[2015-10-02 05:50:01.924] [ERROR] client-error - ReferenceError: domain is not defined
    at D:\Node\MY MODULES\WORKERS\es\bulk.js:21:14
    at D:\Node\MY MODULES\WORKERS\es\bulk.js:48:12
    at Object.utils.applyArgs (D:\Node\MY MODULES\WORKERS\es\node_modules\elasticsearch\src\lib\utils.js:252:17)
    at wrapper (D:\Node\MY MODULES\WORKERS\es\node_modules\elasticsearch\node_modules\lodash\index.js:3533:19)
    at process._tickDomainCallback (node.js:463:13)
[2015-10-02 06:55:49.611] [ERROR] client-error - ReferenceError: _ is not defined
    at save_to_db (D:\Node\MY MODULES\WORKERS\es\bulk.js:49:2)
    at Object.worker.run (D:\Node\MY MODULES\WORKERS\es\bulk.js:15:3)
    at D:\Node\MY MODULES\kazi2\client\lib\client.js:130:32
    at b (domain.js:183:18)
    at Domain.run (domain.js:123:23)
    at D:\Node\MY MODULES\kazi2\client\lib\client.js:124:20
    at Request._callback (D:\Node\MY MODULES\kazi2\client\lib\client.js:364:5)
    at Request.self.callback (D:\Node\MY MODULES\kazi2\client\node_modules\request\request.js:198:22)
    at Request.emit (events.js:98:17)
    at Request.<anonymous> (D:\Node\MY MODULES\kazi2\client\node_modules\request\request.js:1063:14)
    at Request.emit (events.js:117:20)
    at IncomingMessage.<anonymous> (D:\Node\MY MODULES\kazi2\client\node_modules\request\request.js:1009:12)
    at IncomingMessage.emit (events.js:117:20)
    at _stream_readable.js:943:16
    at process._tickDomainCallback (node.js:463:13)
[2015-10-02 06:56:01.103] [ERROR] client-error - ReferenceError: _ is not defined
    at save_to_db (D:\Node\MY MODULES\WORKERS\es\bulk.js:49:2)
    at Object.worker.run (D:\Node\MY MODULES\WORKERS\es\bulk.js:15:3)
    at D:\Node\MY MODULES\kazi2\client\lib\client.js:130:32
    at b (domain.js:183:18)
    at Domain.run (domain.js:123:23)
    at D:\Node\MY MODULES\kazi2\client\lib\client.js:124:20
    at Request._callback (D:\Node\MY MODULES\kazi2\client\lib\client.js:364:5)
    at Request.self.callback (D:\Node\MY MODULES\kazi2\client\node_modules\request\request.js:198:22)
    at Request.emit (events.js:98:17)
    at Request.<anonymous> (D:\Node\MY MODULES\kazi2\client\node_modules\request\request.js:1063:14)
    at Request.emit (events.js:117:20)
    at IncomingMessage.<anonymous> (D:\Node\MY MODULES\kazi2\client\node_modules\request\request.js:1009:12)
    at IncomingMessage.emit (events.js:117:20)
    at _stream_readable.js:943:16
    at process._tickDomainCallback (node.js:463:13)
[2015-10-02 06:56:11.083] [ERROR] client-error - ReferenceError: _ is not defined
    at save_to_db (D:\Node\MY MODULES\WORKERS\es\bulk.js:49:2)
    at Object.worker.run (D:\Node\MY MODULES\WORKERS\es\bulk.js:15:3)
    at D:\Node\MY MODULES\kazi2\client\lib\client.js:130:32
    at b (domain.js:183:18)
    at Domain.run (domain.js:123:23)
    at D:\Node\MY MODULES\kazi2\client\lib\client.js:124:20
    at Request._callback (D:\Node\MY MODULES\kazi2\client\lib\client.js:364:5)
    at Request.self.callback (D:\Node\MY MODULES\kazi2\client\node_modules\request\request.js:198:22)
    at Request.emit (events.js:98:17)
    at Request.<anonymous> (D:\Node\MY MODULES\kazi2\client\node_modules\request\request.js:1063:14)
    at Request.emit (events.js:117:20)
    at IncomingMessage.<anonymous> (D:\Node\MY MODULES\kazi2\client\node_modules\request\request.js:1009:12)
    at IncomingMessage.emit (events.js:117:20)
    at _stream_readable.js:943:16
    at process._tickDomainCallback (node.js:463:13)
[2015-10-02 06:56:17.990] [ERROR] client-error - [SyntaxError: Unexpected token )]
SyntaxError: Unexpected token )
    at Module._compile (module.js:439:25)
    at Object.Module._extensions..js (module.js:474:10)
    at Module.load (module.js:356:32)
    at Function.Module._load (module.js:312:12)
    at Module.require (module.js:364:17)
    at require (module.js:380:17)
    at D:\Node\MY MODULES\kazi2\client\lib\client.js:283:17
    at D:\Node\MY MODULES\kazi2\client\node_modules\async\lib\async.js:187:20
    at replenish (D:\Node\MY MODULES\kazi2\client\node_modules\async\lib\async.js:322:21)
    at D:\Node\MY MODULES\kazi2\client\node_modules\async\lib\async.js:333:15
    at Object.async.forEachLimit.async.eachLimit (D:\Node\MY MODULES\kazi2\client\node_modules\async\lib\async.js:226:35)
    at Object.client.requireWorkers (D:\Node\MY MODULES\kazi2\client\lib\client.js:276:9)
    at EventEmitter.<anonymous> (D:\Node\MY MODULES\kazi2\client\lib\client.js:255:13)
    at EventEmitter.emit (events.js:98:17)
    at EventEmitter.<anonymous> (D:\Node\MY MODULES\kazi2\client\node_modules\chokidar\index.js:136:15)
    at EventEmitter.FSWatcher._emit (D:\Node\MY MODULES\kazi2\client\node_modules\chokidar\index.js:152:5)
    at EventEmitter.<anonymous> (D:\Node\MY MODULES\kazi2\client\node_modules\chokidar\lib\nodefs-handler.js:263:16)
    at Object.oncomplete (fs.js:107:15)
